<?xml version="1.0" encoding="UTF-8"?>
<!-- Generated by org.testng.reporters.JUnitReportReporter -->
<testsuite skipped="0" hostname="BLRTX-PC-002" name="MainPOJO.Getall" tests="1" failures="0" timestamp="2020-01-29T15:14:20 IST" time="1.980" errors="0">
  <testcase name="getallData" time="1.980" classname="MainPOJO.Getall"/>
</testsuite> <!-- MainPOJO.Getall -->
