<?xml version="1.0" encoding="UTF-8"?>
<!-- Generated by org.testng.reporters.JUnitReportReporter -->
<testsuite skipped="0" hostname="BLRTX-PC-002" name="Jira_API.Createissue" tests="1" failures="0" timestamp="2020-01-21T14:36:47 IST" time="1.604" errors="0">
  <testcase name="Createnewissue" time="1.604" classname="Jira_API.Createissue"/>
</testsuite> <!-- Jira_API.Createissue -->
