<?xml version="1.0" encoding="UTF-8"?>
<!-- Generated by org.testng.reporters.JUnitReportReporter -->
<testsuite skipped="0" hostname="BLRTX-PC-002" name="Basics_API" tests="1" failures="0" timestamp="2020-01-17T11:58:16 IST" time="2.871" errors="0">
  <testcase name="Restapi" time="2.871" classname="Basics_API"/>
</testsuite> <!-- Basics_API -->
