<?xml version="1.0" encoding="UTF-8"?>
<!-- Generated by org.testng.reporters.JUnitReportReporter -->
<testsuite skipped="0" hostname="BLRTX-PC-002" name="DynamicJson" tests="3" failures="0" timestamp="2020-01-17T17:33:10 IST" time="1.825" errors="0">
  <testcase name="addBokk" time="1.539" classname="DynamicJson"/>
  <testcase name="addBokk" time="0.159" classname="DynamicJson"/>
  <testcase name="addBokk" time="0.127" classname="DynamicJson"/>
</testsuite> <!-- DynamicJson -->
