<?xml version="1.0" encoding="UTF-8"?>
<!-- Generated by org.testng.reporters.JUnitReportReporter -->
<testsuite skipped="0" hostname="BLRTX-PC-002" name="BasicSXML4" tests="1" failures="0" timestamp="2020-01-17T10:36:01 IST" time="1.504" errors="0">
  <testcase name="createPlaceAPI" time="1.504" classname="BasicSXML4"/>
</testsuite> <!-- BasicSXML4 -->
