<?xml version="1.0" encoding="UTF-8"?>
<!-- Generated by org.testng.reporters.JUnitReportReporter -->
<testsuite skipped="0" hostname="BLRTX-PC-002" name="Basic3" tests="1" failures="0" timestamp="2020-01-14T16:13:58 IST" time="2.031" errors="0">
  <testcase name="createPlaceAPI" time="2.031" classname="Basic3"/>
</testsuite> <!-- Basic3 -->
