<?xml version="1.0" encoding="UTF-8"?>
<!-- Generated by org.testng.reporters.JUnitReportReporter -->
<testsuite skipped="0" hostname="BLRTX-PC-002" name="Basic2" tests="1" failures="0" timestamp="2020-01-14T16:29:53 IST" time="1.619" errors="0">
  <testcase name="test2" time="1.619" classname="Basic2"/>
</testsuite> <!-- Basic2 -->
