<?xml version="1.0" encoding="UTF-8"?>
<!-- Generated by org.testng.reporters.JUnitReportReporter -->
<testsuite skipped="0" hostname="BLRTX-PC-002" name="Staticjsonaddnewbook" tests="1" failures="0" timestamp="2020-01-17T17:54:57 IST" time="6.536" errors="0">
  <testcase name="addBokk" time="6.536" classname="Staticjsonaddnewbook"/>
</testsuite> <!-- Staticjsonaddnewbook -->
