<?xml version="1.0" encoding="UTF-8"?>
<!-- Generated by org.testng.reporters.JUnitReportReporter -->
<testsuite skipped="0" hostname="BLRTX-PC-002" name="excelDriven" tests="1" failures="0" timestamp="2020-01-17T14:39:26 IST" time="1.630" errors="0">
  <testcase name="addBokk" time="1.630" classname="excelDriven"/>
</testsuite> <!-- excelDriven -->
