<?xml version="1.0" encoding="UTF-8"?>
<!-- Generated by org.testng.reporters.JUnitReportReporter -->
<testsuite skipped="0" hostname="BLRTX-PC-002" name="MainPOJO.JiraBasics01" tests="1" failures="0" timestamp="2020-01-30T11:01:24 IST" time="1.494" errors="0">
  <testcase name="Jiraapi" time="1.494" classname="MainPOJO.JiraBasics01"/>
</testsuite> <!-- MainPOJO.JiraBasics01 -->
