<?xml version="1.0" encoding="UTF-8"?>
<!-- Generated by org.testng.reporters.JUnitReportReporter -->
<testsuite skipped="0" hostname="BLRTX-PC-002" name="Basics_5" tests="1" failures="0" timestamp="2020-01-17T12:21:52 IST" time="2.119" errors="0">
  <testcase name="Restapi" time="2.119" classname="Basics_5"/>
</testsuite> <!-- Basics_5 -->
