<?xml version="1.0" encoding="UTF-8"?>
<!-- Generated by org.testng.reporters.JUnitReportReporter -->
<testsuite skipped="0" hostname="BLRTX-PC-002" name="MainPOJO.MainClassJiraApi" tests="1" failures="0" timestamp="2020-01-30T15:38:16 IST" time="2.131" errors="0">
  <testcase name="getallData" time="2.131" classname="MainPOJO.MainClassJiraApi"/>
</testsuite> <!-- MainPOJO.MainClassJiraApi -->
