<?xml version="1.0" encoding="UTF-8"?>
<!-- Generated by org.testng.reporters.JUnitReportReporter -->
<testsuite skipped="0" hostname="BLRTX-PC-002" name="Jira_API.JiraBasics02getkey" tests="1" failures="0" timestamp="2020-01-21T14:33:21 IST" time="1.434" errors="0">
  <testcase name="Jiraapi" time="1.434" classname="Jira_API.JiraBasics02getkey"/>
</testsuite> <!-- Jira_API.JiraBasics02getkey -->
