<?xml version="1.0" encoding="UTF-8"?>
<!-- Generated by org.testng.reporters.JUnitReportReporter -->
<testsuite skipped="0" hostname="BLRTX-PC-002" name="Jira_API.Getall" tests="1" failures="0" timestamp="2020-01-21T16:53:48 IST" time="1.600" errors="0">
  <testcase name="getallData" time="1.600" classname="Jira_API.Getall"/>
</testsuite> <!-- Jira_API.Getall -->
