<?xml version="1.0" encoding="UTF-8"?>
<!-- Generated by org.testng.reporters.JUnitReportReporter -->
<testsuite skipped="0" hostname="BLRTX-PC-002" name="Jira_API.CreateCommenttoexistingusingPut" tests="1" failures="0" timestamp="2020-01-21T18:40:43 IST" time="0.060" errors="0">
  <testcase name="Createnewissue" time="0.060" classname="Jira_API.CreateCommenttoexistingusingPut"/>
</testsuite> <!-- Jira_API.CreateCommenttoexistingusingPut -->
