<?xml version="1.0" encoding="UTF-8"?>
<!-- Generated by org.testng.reporters.JUnitReportReporter -->
<testsuite skipped="0" hostname="BLRTX-PC-002" name="Jira_API.CreateCommenttoIssue" tests="1" failures="0" timestamp="2020-01-21T17:22:38 IST" time="1.564" errors="0">
  <testcase name="Createnewcomments" time="1.564" classname="Jira_API.CreateCommenttoIssue"/>
</testsuite> <!-- Jira_API.CreateCommenttoIssue -->
