<?xml version="1.0" encoding="UTF-8"?>
<!-- Generated by org.testng.reporters.JUnitReportReporter -->
<testsuite skipped="0" hostname="BLRTX-PC-002" name="Basic4" tests="1" failures="0" timestamp="2020-01-16T15:57:52 IST" time="1.915" errors="0">
  <testcase name="test3" time="1.915" classname="Basic4"/>
</testsuite> <!-- Basic4 -->
