<?xml version="1.0" encoding="UTF-8"?>
<!-- Generated by org.testng.reporters.JUnitReportReporter -->
<testsuite skipped="0" hostname="BLRTX-PC-002" name="MainPOJO.Getall3" tests="1" failures="0" timestamp="2020-01-30T13:05:17 IST" time="1.939" errors="0">
  <testcase name="getallData" time="1.939" classname="MainPOJO.Getall3"/>
</testsuite> <!-- MainPOJO.Getall3 -->
